build/app/intermediates/manifest_merge_blame_file/release/manifest-merger-blame-release-report.txt
1<?xml version="1.0" encoding="utf-8"?>
2<manifest xmlns:android="http://schemas.android.com/apk/res/android"
3    package="com.example.todo_list"
4    android:versionCode="1"
5    android:versionName="1.0.0" >
6
7    <uses-sdk
8        android:minSdkVersion="16"
8-->src\main\AndroidManifest.xml
9        android:targetSdkVersion="33" />
9-->src\main\AndroidManifest.xml
10    <!-- Open network sockets -->
11    <uses-permission android:name="android.permission.INTERNET" />
11-->[com.yandex.android:mobmetricalib:5.2.0] AndroidManifest.xml:20:5-67
11-->[com.yandex.android:mobmetricalib:5.2.0] AndroidManifest.xml:20:22-64
12    <uses-permission android:name="android.permission.ACCESS_NETWORK_STATE" /> <!-- To obtain Google Advertising Identifier on Android 12 and higher -->
12-->[com.yandex.android:mobmetricalib:5.2.0] AndroidManifest.xml:21:5-79
12-->[com.yandex.android:mobmetricalib:5.2.0] AndroidManifest.xml:21:22-76
13    <uses-permission android:name="com.google.android.gms.permission.AD_ID" />
13-->[com.yandex.android:mobmetricalib:5.2.0] AndroidManifest.xml:23:5-79
13-->[com.yandex.android:mobmetricalib:5.2.0] AndroidManifest.xml:23:22-76
14    <uses-permission android:name="com.google.android.finsky.permission.BIND_GET_INSTALL_REFERRER_SERVICE" />
14-->[com.android.installreferrer:installreferrer:2.2] AndroidManifest.xml:9:5-110
14-->[com.android.installreferrer:installreferrer:2.2] AndroidManifest.xml:9:22-107
15
16    <application
17        android:name="android.app.Application"
17-->src\main\AndroidManifest.xml:4:9-42
18        android:appComponentFactory="androidx.core.app.CoreComponentFactory"
18-->[androidx.core:core:1.6.0] AndroidManifest.xml:24:18-86
19        android:icon="@mipmap/ic_launcher"
19-->src\main\AndroidManifest.xml:5:9-43
20        android:label="@string/appName" >
20-->src\main\AndroidManifest.xml:3:9-40
21        <activity
21-->src\main\AndroidManifest.xml:6:9-26:20
22            android:name="com.example.todo_list.MainActivity"
22-->src\main\AndroidManifest.xml:7:13-41
23            android:configChanges="orientation|keyboardHidden|keyboard|screenSize|smallestScreenSize|locale|layoutDirection|fontScale|screenLayout|density|uiMode"
23-->src\main\AndroidManifest.xml:11:13-163
24            android:exported="true"
24-->src\main\AndroidManifest.xml:8:13-36
25            android:hardwareAccelerated="true"
25-->src\main\AndroidManifest.xml:12:13-47
26            android:launchMode="singleTop"
26-->src\main\AndroidManifest.xml:9:13-43
27            android:theme="@style/LaunchTheme"
27-->src\main\AndroidManifest.xml:10:13-47
28            android:windowSoftInputMode="adjustResize" >
28-->src\main\AndroidManifest.xml:13:13-55
29
30            <!--
31                 Specifies an Android theme to apply to this Activity as soon as
32                 the Android process has started. This theme is visible to the user
33                 while the Flutter UI initializes. After that, this theme continues
34                 to determine the Window background behind the Flutter UI.
35            -->
36            <meta-data
36-->src\main\AndroidManifest.xml:18:13-21:17
37                android:name="io.flutter.embedding.android.NormalTheme"
37-->src\main\AndroidManifest.xml:19:15-70
38                android:resource="@style/NormalTheme" />
38-->src\main\AndroidManifest.xml:20:15-52
39
40            <intent-filter>
40-->src\main\AndroidManifest.xml:22:13-25:29
41                <action android:name="android.intent.action.MAIN" />
41-->src\main\AndroidManifest.xml:23:17-68
41-->src\main\AndroidManifest.xml:23:25-66
42
43                <category android:name="android.intent.category.LAUNCHER" />
43-->src\main\AndroidManifest.xml:24:17-76
43-->src\main\AndroidManifest.xml:24:27-74
44            </intent-filter>
45        </activity>
46        <!--
47             Don't delete the meta-data below.
48             This is used by the Flutter tool to generate GeneratedPluginRegistrant.java
49        -->
50        <meta-data
50-->src\main\AndroidManifest.xml:29:9-31:33
51            android:name="flutterEmbedding"
51-->src\main\AndroidManifest.xml:30:13-44
52            android:value="2" />
52-->src\main\AndroidManifest.xml:31:13-30
53
54        <uses-library
54-->[androidx.window:window:1.0.0-beta04] AndroidManifest.xml:25:9-27:40
55            android:name="androidx.window.extensions"
55-->[androidx.window:window:1.0.0-beta04] AndroidManifest.xml:26:13-54
56            android:required="false" />
56-->[androidx.window:window:1.0.0-beta04] AndroidManifest.xml:27:13-37
57        <uses-library
57-->[androidx.window:window:1.0.0-beta04] AndroidManifest.xml:28:9-30:40
58            android:name="androidx.window.sidecar"
58-->[androidx.window:window:1.0.0-beta04] AndroidManifest.xml:29:13-51
59            android:required="false" /> <!-- Yandex Mobile Metrica Analytics: common service -->
59-->[androidx.window:window:1.0.0-beta04] AndroidManifest.xml:30:13-37
60        <service
60-->[com.yandex.android:mobmetricalib:5.2.0] AndroidManifest.xml:28:9-44:19
61            android:name="com.yandex.metrica.MetricaService"
61-->[com.yandex.android:mobmetricalib:5.2.0] AndroidManifest.xml:29:13-61
62            android:enabled="true"
62-->[com.yandex.android:mobmetricalib:5.2.0] AndroidManifest.xml:30:13-35
63            android:exported="false"
63-->[com.yandex.android:mobmetricalib:5.2.0] AndroidManifest.xml:31:13-37
64            android:process=":Metrica" >
64-->[com.yandex.android:mobmetricalib:5.2.0] AndroidManifest.xml:32:13-39
65            <intent-filter>
65-->[com.yandex.android:mobmetricalib:5.2.0] AndroidManifest.xml:33:13-39:29
66                <category android:name="android.intent.category.DEFAULT" />
66-->[com.yandex.android:mobmetricalib:5.2.0] AndroidManifest.xml:34:17-76
66-->[com.yandex.android:mobmetricalib:5.2.0] AndroidManifest.xml:34:27-73
67
68                <action android:name="com.yandex.metrica.IMetricaService" />
68-->[com.yandex.android:mobmetricalib:5.2.0] AndroidManifest.xml:36:17-77
68-->[com.yandex.android:mobmetricalib:5.2.0] AndroidManifest.xml:36:25-74
69
70                <data android:scheme="metrica" />
70-->[com.yandex.android:mobmetricalib:5.2.0] AndroidManifest.xml:38:17-50
70-->[com.yandex.android:mobmetricalib:5.2.0] AndroidManifest.xml:38:23-47
71            </intent-filter>
72
73            <meta-data
73-->[com.yandex.android:mobmetricalib:5.2.0] AndroidManifest.xml:41:13-43:39
74                android:name="metrica:api:level"
74-->[com.yandex.android:mobmetricalib:5.2.0] AndroidManifest.xml:42:17-49
75                android:value="105" />
75-->[com.yandex.android:mobmetricalib:5.2.0] AndroidManifest.xml:43:17-36
76        </service> <!-- To track preinstallations -->
77        <provider
77-->[com.yandex.android:mobmetricalib:5.2.0] AndroidManifest.xml:47:9-53:54
78            android:name="com.yandex.metrica.PreloadInfoContentProvider"
78-->[com.yandex.android:mobmetricalib:5.2.0] AndroidManifest.xml:48:13-73
79            android:authorities="com.example.todo_list.appmetrica.preloadinfo.retail"
79-->[com.yandex.android:mobmetricalib:5.2.0] AndroidManifest.xml:49:13-81
80            android:enabled="true"
80-->[com.yandex.android:mobmetricalib:5.2.0] AndroidManifest.xml:50:13-35
81            android:exported="true"
81-->[com.yandex.android:mobmetricalib:5.2.0] AndroidManifest.xml:51:13-36
82            android:process=":Metrica" />
82-->[com.yandex.android:mobmetricalib:5.2.0] AndroidManifest.xml:52:13-39
83
84        <activity
84-->[com.google.android.gms:play-services-base:18.0.1] AndroidManifest.xml:20:9-22:45
85            android:name="com.google.android.gms.common.api.GoogleApiActivity"
85-->[com.google.android.gms:play-services-base:18.0.1] AndroidManifest.xml:20:19-85
86            android:exported="false"
86-->[com.google.android.gms:play-services-base:18.0.1] AndroidManifest.xml:22:19-43
87            android:theme="@android:style/Theme.Translucent.NoTitleBar" />
87-->[com.google.android.gms:play-services-base:18.0.1] AndroidManifest.xml:21:19-78
88
89        <meta-data
89-->[com.google.android.gms:play-services-basement:18.0.0] AndroidManifest.xml:21:9-23:69
90            android:name="com.google.android.gms.version"
90-->[com.google.android.gms:play-services-basement:18.0.0] AndroidManifest.xml:22:13-58
91            android:value="@integer/google_play_services_version" />
91-->[com.google.android.gms:play-services-basement:18.0.0] AndroidManifest.xml:23:13-66
92    </application>
93
94</manifest>